Using pre-set license
Built from '2020.3/staging' branch; Version is '2020.3.8f1 (507919d4fff5) revision 5273881'; Using compiler version '192528614'; Build Type 'Release'
OS: 'Windows 10 Home Single Language; OS build 19042.1052; Version 2009; 64bit' Language: 'es' Physical Memory: 10153 MB
BatchMode: 1, IsHumanControllingUs: 0, StartBugReporterOnCrash: 0, Is64bit: 1, IsPro: 0

 COMMAND LINE ARGUMENTS:
D:\Descargas\Programas\Unity\2020.3.8f1\Editor\Unity.exe
-adb2
-batchMode
-noUpm
-name
AssetImportWorker0
-projectPath
C:/Users/septi/Desktop/Unity_Hipermedia/New Unity Project
-logFile
Logs/AssetImportWorker0.log
-srvPort
52999
Successfully changed project path to: C:/Users/septi/Desktop/Unity_Hipermedia/New Unity Project
C:/Users/septi/Desktop/Unity_Hipermedia/New Unity Project
Using Asset Import Pipeline V2.
Refreshing native plugins compatible for Editor in 74.95 ms, found 1 plugins.
Preloading 0 native plugins for Editor in 0.00 ms.
Initialize engine version: 2020.3.8f1 (507919d4fff5)
[Subsystems] Discovering subsystems at path D:/Descargas/Programas/Unity/2020.3.8f1/Editor/Data/Resources/UnitySubsystems
[Subsystems] Discovering subsystems at path C:/Users/septi/Desktop/Unity_Hipermedia/New Unity Project/Assets
GfxDevice: creating device client; threaded=0
Direct3D:
    Version:  Direct3D 11.0 [level 11.1]
    Renderer: AMD Radeon(TM) Vega 6 Graphics (ID=0x15d8)
    Vendor:   
    VRAM:     5076 MB
    Driver:   26.20.11028.0
Initialize mono
Mono path[0] = 'D:/Descargas/Programas/Unity/2020.3.8f1/Editor/Data/Managed'
Mono path[1] = 'D:/Descargas/Programas/Unity/2020.3.8f1/Editor/Data/MonoBleedingEdge/lib/mono/unityjit'
Mono config path = 'D:/Descargas/Programas/Unity/2020.3.8f1/Editor/Data/MonoBleedingEdge/etc'
Using monoOptions --debugger-agent=transport=dt_socket,embedding=1,server=y,suspend=n,address=127.0.0.1:56648
Begin MonoManager ReloadAssembly
Registering precompiled unity dll's ...
Register platform support module: D:/Descargas/Programas/Unity/2020.3.8f1/Editor/Data/PlaybackEngines/WindowsStandaloneSupport/UnityEditor.WindowsStandalone.Extensions.dll
Registered in 0.005292 seconds.
Native extension for WindowsStandalone target not found
Refreshing native plugins compatible for Editor in 124.86 ms, found 1 plugins.
Preloading 0 native plugins for Editor in 0.00 ms.
Mono: successfully reloaded assembly
- Completed reload, in  3.344 seconds
Platform modules already initialized, skipping
Registering precompiled user dll's ...
Registered in 0.002622 seconds.
Begin MonoManager ReloadAssembly
Native extension for WindowsStandalone target not found
Refreshing native plugins compatible for Editor in 82.04 ms, found 1 plugins.
Preloading 0 native plugins for Editor in 0.00 ms.
Mono: successfully reloaded assembly
- Completed reload, in  2.373 seconds
Platform modules already initialized, skipping
========================================================================
Worker process is ready to serve import requests
Launched and connected shader compiler UnityShaderCompiler.exe after 0.14 seconds
Refreshing native plugins compatible for Editor in 1.10 ms, found 1 plugins.
Preloading 0 native plugins for Editor in 0.00 ms.
Unloading 1826 Unused Serialized files (Serialized files now loaded: 0)
System memory in use before: 85.5 MB.
System memory in use after: 85.4 MB.

Unloading 24 unused Assets to reduce memory usage. Loaded Objects now: 2269.
Total: 5.106200 ms (FindLiveObjects: 0.551600 ms CreateObjectMapping: 0.088900 ms MarkObjects: 4.154700 ms  DeleteObjects: 0.307300 ms)

========================================================================
Received Import Request.
  path: Assets/Scenes/SegundoNivel.unity
  artifactKey: Guid(b33adc2aa349eaa419563983c129a0d6) Importer(815301076,1909f56bfc062723c751e8b465ee728b)
Start importing Assets/Scenes/SegundoNivel.unity using Guid(b33adc2aa349eaa419563983c129a0d6) Importer(815301076,1909f56bfc062723c751e8b465ee728b)  -> (artifact id: '3ee5cf3100536b343112738534eec24c') in 0.035741 seconds
  Import took 0.041532 seconds .

========================================================================
Received Prepare
Refreshing native plugins compatible for Editor in 9.52 ms, found 1 plugins.
Preloading 0 native plugins for Editor in 0.00 ms.
Unloading 10 Unused Serialized files (Serialized files now loaded: 0)
System memory in use before: 49.4 MB.
System memory in use after: 49.4 MB.

Unloading 10 unused Assets to reduce memory usage. Loaded Objects now: 2269.
Total: 5.935700 ms (FindLiveObjects: 0.598800 ms CreateObjectMapping: 0.105500 ms MarkObjects: 4.975000 ms  DeleteObjects: 0.253700 ms)

========================================================================
Received Import Request.
  Time since last request: 60.458803 seconds.
  path: Assets/Scenes/SampleScene.unity
  artifactKey: Guid(2cda990e2423bbf4892e6590ba056729) Importer(815301076,1909f56bfc062723c751e8b465ee728b)
Start importing Assets/Scenes/SampleScene.unity using Guid(2cda990e2423bbf4892e6590ba056729) Importer(815301076,1909f56bfc062723c751e8b465ee728b)  -> (artifact id: '73d69cd72077f2f6aac3173d784308bc') in 0.017117 seconds
  Import took 0.024458 seconds .

========================================================================
Received Import Request.
  Time since last request: 42.629531 seconds.
  path: Assets/Scenes/SegundoNivel.unity
  artifactKey: Guid(b33adc2aa349eaa419563983c129a0d6) Importer(815301076,1909f56bfc062723c751e8b465ee728b)
Start importing Assets/Scenes/SegundoNivel.unity using Guid(b33adc2aa349eaa419563983c129a0d6) Importer(815301076,1909f56bfc062723c751e8b465ee728b)  -> (artifact id: '4a1a65530941ebc27d1f8d2fc93a7529') in 0.019691 seconds
  Import took 0.026224 seconds .

========================================================================
Received Prepare
Registering precompiled user dll's ...
Registered in 0.002813 seconds.
Begin MonoManager ReloadAssembly
Native extension for WindowsStandalone target not found
Refreshing native plugins compatible for Editor in 0.84 ms, found 1 plugins.
Preloading 0 native plugins for Editor in 0.00 ms.
Mono: successfully reloaded assembly
- Completed reload, in  2.716 seconds
Platform modules already initialized, skipping
Refreshing native plugins compatible for Editor in 0.83 ms, found 1 plugins.
Preloading 0 native plugins for Editor in 0.00 ms.
Unloading 1821 Unused Serialized files (Serialized files now loaded: 0)
System memory in use before: 85.4 MB.
System memory in use after: 85.4 MB.

Unloading 12 unused Assets to reduce memory usage. Loaded Objects now: 2273.
Total: 4.990400 ms (FindLiveObjects: 0.549200 ms CreateObjectMapping: 0.071000 ms MarkObjects: 4.063700 ms  DeleteObjects: 0.302000 ms)

========================================================================
Received Import Request.
  Time since last request: 57.314725 seconds.
  path: Assets/Scenes/SegundoNivel.unity
  artifactKey: Guid(b33adc2aa349eaa419563983c129a0d6) Importer(815301076,1909f56bfc062723c751e8b465ee728b)
Start importing Assets/Scenes/SegundoNivel.unity using Guid(b33adc2aa349eaa419563983c129a0d6) Importer(815301076,1909f56bfc062723c751e8b465ee728b)  -> (artifact id: '3da7f0c6efeb9da6aaf3f9ab338b92b9') in 0.039970 seconds
  Import took 0.046026 seconds .

========================================================================
Received Prepare
Registering precompiled user dll's ...
Registered in 0.002348 seconds.
Begin MonoManager ReloadAssembly
Native extension for WindowsStandalone target not found
Refreshing native plugins compatible for Editor in 1.12 ms, found 1 plugins.
Preloading 0 native plugins for Editor in 0.00 ms.
Mono: successfully reloaded assembly
- Completed reload, in  2.683 seconds
Platform modules already initialized, skipping
Refreshing native plugins compatible for Editor in 0.80 ms, found 1 plugins.
Preloading 0 native plugins for Editor in 0.00 ms.
Unloading 1821 Unused Serialized files (Serialized files now loaded: 0)
System memory in use before: 85.5 MB.
System memory in use after: 85.5 MB.

Unloading 12 unused Assets to reduce memory usage. Loaded Objects now: 2277.
Total: 5.847900 ms (FindLiveObjects: 0.473300 ms CreateObjectMapping: 0.083900 ms MarkObjects: 4.996500 ms  DeleteObjects: 0.290900 ms)

========================================================================
Received Import Request.
  Time since last request: 69.829724 seconds.
  path: Assets/Scenes/SegundoNivel.unity
  artifactKey: Guid(b33adc2aa349eaa419563983c129a0d6) Importer(815301076,1909f56bfc062723c751e8b465ee728b)
Start importing Assets/Scenes/SegundoNivel.unity using Guid(b33adc2aa349eaa419563983c129a0d6) Importer(815301076,1909f56bfc062723c751e8b465ee728b)  -> (artifact id: 'e532958d8f23ffb0921156cc0f696997') in 0.033670 seconds
  Import took 0.041049 seconds .

========================================================================
Received Prepare
Registering precompiled user dll's ...
Registered in 0.003105 seconds.
Begin MonoManager ReloadAssembly
Native extension for WindowsStandalone target not found
Refreshing native plugins compatible for Editor in 0.87 ms, found 1 plugins.
Preloading 0 native plugins for Editor in 0.00 ms.
Mono: successfully reloaded assembly
- Completed reload, in  2.745 seconds
Platform modules already initialized, skipping
Refreshing native plugins compatible for Editor in 0.78 ms, found 1 plugins.
Preloading 0 native plugins for Editor in 0.00 ms.
Unloading 1821 Unused Serialized files (Serialized files now loaded: 0)
System memory in use before: 85.5 MB.
System memory in use after: 85.5 MB.

Unloading 12 unused Assets to reduce memory usage. Loaded Objects now: 2281.
Total: 5.122800 ms (FindLiveObjects: 0.583500 ms CreateObjectMapping: 0.088500 ms MarkObjects: 4.159500 ms  DeleteObjects: 0.287900 ms)

========================================================================
Received Import Request.
  Time since last request: 107.074339 seconds.
  path: Assets/Scenes/SegundoNivel.unity
  artifactKey: Guid(b33adc2aa349eaa419563983c129a0d6) Importer(815301076,1909f56bfc062723c751e8b465ee728b)
Start importing Assets/Scenes/SegundoNivel.unity using Guid(b33adc2aa349eaa419563983c129a0d6) Importer(815301076,1909f56bfc062723c751e8b465ee728b)  -> (artifact id: '2cd5c46bfda161ef838cc8281c73bec8') in 0.044875 seconds
  Import took 0.050843 seconds .

========================================================================
Received Prepare
Registering precompiled user dll's ...
Registered in 0.004321 seconds.
Begin MonoManager ReloadAssembly
Native extension for WindowsStandalone target not found
Refreshing native plugins compatible for Editor in 0.82 ms, found 1 plugins.
Preloading 0 native plugins for Editor in 0.00 ms.
Mono: successfully reloaded assembly
- Completed reload, in  2.686 seconds
Platform modules already initialized, skipping
Refreshing native plugins compatible for Editor in 0.84 ms, found 1 plugins.
Preloading 0 native plugins for Editor in 0.00 ms.
Unloading 1821 Unused Serialized files (Serialized files now loaded: 0)
System memory in use before: 85.5 MB.
System memory in use after: 85.5 MB.

Unloading 12 unused Assets to reduce memory usage. Loaded Objects now: 2285.
Total: 8.868200 ms (FindLiveObjects: 0.510100 ms CreateObjectMapping: 0.098100 ms MarkObjects: 7.778900 ms  DeleteObjects: 0.476500 ms)

========================================================================
Received Import Request.
  Time since last request: 105.397398 seconds.
  path: Assets/Scenes/SegundoNivel.unity
  artifactKey: Guid(b33adc2aa349eaa419563983c129a0d6) Importer(815301076,1909f56bfc062723c751e8b465ee728b)
Start importing Assets/Scenes/SegundoNivel.unity using Guid(b33adc2aa349eaa419563983c129a0d6) Importer(815301076,1909f56bfc062723c751e8b465ee728b)  -> (artifact id: 'b8eb418e189318bdaf9679d8cdd97239') in 0.031195 seconds
  Import took 0.037815 seconds .

========================================================================
Received Prepare
Registering precompiled user dll's ...
Registered in 0.003497 seconds.
Begin MonoManager ReloadAssembly
Native extension for WindowsStandalone target not found
Refreshing native plugins compatible for Editor in 1.21 ms, found 1 plugins.
Preloading 0 native plugins for Editor in 0.00 ms.
Mono: successfully reloaded assembly
- Completed reload, in  2.731 seconds
Platform modules already initialized, skipping
Refreshing native plugins compatible for Editor in 0.96 ms, found 1 plugins.
Preloading 0 native plugins for Editor in 0.00 ms.
Unloading 1821 Unused Serialized files (Serialized files now loaded: 0)
System memory in use before: 85.5 MB.
System memory in use after: 85.5 MB.

Unloading 12 unused Assets to reduce memory usage. Loaded Objects now: 2289.
Total: 5.970200 ms (FindLiveObjects: 0.456700 ms CreateObjectMapping: 0.071500 ms MarkObjects: 5.043500 ms  DeleteObjects: 0.394600 ms)

========================================================================
Received Prepare
Registering precompiled user dll's ...
Registered in 0.002634 seconds.
Begin MonoManager ReloadAssembly
Native extension for WindowsStandalone target not found
Refreshing native plugins compatible for Editor in 0.85 ms, found 1 plugins.
Preloading 0 native plugins for Editor in 0.00 ms.
Mono: successfully reloaded assembly
- Completed reload, in  2.635 seconds
Platform modules already initialized, skipping
Refreshing native plugins compatible for Editor in 0.81 ms, found 1 plugins.
Preloading 0 native plugins for Editor in 0.00 ms.
Unloading 1821 Unused Serialized files (Serialized files now loaded: 0)
System memory in use before: 85.6 MB.
System memory in use after: 85.5 MB.

Unloading 12 unused Assets to reduce memory usage. Loaded Objects now: 2293.
Total: 4.998700 ms (FindLiveObjects: 0.445800 ms CreateObjectMapping: 0.070800 ms MarkObjects: 4.162200 ms  DeleteObjects: 0.316500 ms)

========================================================================
Received Prepare
Registering precompiled user dll's ...
Registered in 0.002833 seconds.
Begin MonoManager ReloadAssembly
Native extension for WindowsStandalone target not found
Refreshing native plugins compatible for Editor in 0.82 ms, found 1 plugins.
Preloading 0 native plugins for Editor in 0.00 ms.
Mono: successfully reloaded assembly
- Completed reload, in  1.933 seconds
Platform modules already initialized, skipping
Refreshing native plugins compatible for Editor in 0.86 ms, found 1 plugins.
Preloading 0 native plugins for Editor in 0.00 ms.
Unloading 1821 Unused Serialized files (Serialized files now loaded: 0)
System memory in use before: 85.6 MB.
System memory in use after: 85.5 MB.

Unloading 12 unused Assets to reduce memory usage. Loaded Objects now: 2297.
Total: 5.359600 ms (FindLiveObjects: 0.494500 ms CreateObjectMapping: 0.074200 ms MarkObjects: 4.495700 ms  DeleteObjects: 0.292700 ms)

========================================================================
Received Prepare
Registering precompiled user dll's ...
Registered in 0.002465 seconds.
Begin MonoManager ReloadAssembly
Native extension for WindowsStandalone target not found
Refreshing native plugins compatible for Editor in 0.83 ms, found 1 plugins.
Preloading 0 native plugins for Editor in 0.00 ms.
Mono: successfully reloaded assembly
- Completed reload, in  1.965 seconds
Platform modules already initialized, skipping
Refreshing native plugins compatible for Editor in 0.82 ms, found 1 plugins.
Preloading 0 native plugins for Editor in 0.00 ms.
Unloading 1821 Unused Serialized files (Serialized files now loaded: 0)
System memory in use before: 85.6 MB.
System memory in use after: 85.6 MB.

Unloading 12 unused Assets to reduce memory usage. Loaded Objects now: 2301.
Total: 4.868800 ms (FindLiveObjects: 0.463900 ms CreateObjectMapping: 0.071900 ms MarkObjects: 4.048900 ms  DeleteObjects: 0.280900 ms)

========================================================================
Received Prepare
Registering precompiled user dll's ...
Registered in 0.003697 seconds.
Begin MonoManager ReloadAssembly
Native extension for WindowsStandalone target not found
Refreshing native plugins compatible for Editor in 0.94 ms, found 1 plugins.
Preloading 0 native plugins for Editor in 0.00 ms.
Mono: successfully reloaded assembly
- Completed reload, in  1.892 seconds
Platform modules already initialized, skipping
Refreshing native plugins compatible for Editor in 0.81 ms, found 1 plugins.
Preloading 0 native plugins for Editor in 0.00 ms.
Unloading 1821 Unused Serialized files (Serialized files now loaded: 0)
System memory in use before: 85.6 MB.
System memory in use after: 85.6 MB.

Unloading 12 unused Assets to reduce memory usage. Loaded Objects now: 2305.
Total: 5.161900 ms (FindLiveObjects: 0.495800 ms CreateObjectMapping: 0.073600 ms MarkObjects: 4.305300 ms  DeleteObjects: 0.283100 ms)

========================================================================
Received Prepare
Registering precompiled user dll's ...
Registered in 0.003010 seconds.
Begin MonoManager ReloadAssembly
Native extension for WindowsStandalone target not found
Refreshing native plugins compatible for Editor in 0.88 ms, found 1 plugins.
Preloading 0 native plugins for Editor in 0.00 ms.
Mono: successfully reloaded assembly
- Completed reload, in  1.913 seconds
Platform modules already initialized, skipping
Refreshing native plugins compatible for Editor in 1.15 ms, found 1 plugins.
Preloading 0 native plugins for Editor in 0.00 ms.
Unloading 1821 Unused Serialized files (Serialized files now loaded: 0)
System memory in use before: 85.6 MB.
System memory in use after: 85.6 MB.

Unloading 12 unused Assets to reduce memory usage. Loaded Objects now: 2309.
Total: 5.242500 ms (FindLiveObjects: 0.450800 ms CreateObjectMapping: 0.070900 ms MarkObjects: 4.410100 ms  DeleteObjects: 0.307200 ms)

========================================================================
Received Import Request.
  Time since last request: 506.139826 seconds.
  path: Assets/Scenes/SegundoNivel.unity
  artifactKey: Guid(b33adc2aa349eaa419563983c129a0d6) Importer(815301076,1909f56bfc062723c751e8b465ee728b)
Start importing Assets/Scenes/SegundoNivel.unity using Guid(b33adc2aa349eaa419563983c129a0d6) Importer(815301076,1909f56bfc062723c751e8b465ee728b)  -> (artifact id: 'af23faafa44a6456801c3bd6f9bc47bb') in 0.039085 seconds
  Import took 0.046083 seconds .

========================================================================
Received Prepare
Registering precompiled user dll's ...
Registered in 0.002991 seconds.
Begin MonoManager ReloadAssembly
Native extension for WindowsStandalone target not found
Refreshing native plugins compatible for Editor in 1.00 ms, found 1 plugins.
Preloading 0 native plugins for Editor in 0.00 ms.
Mono: successfully reloaded assembly
- Completed reload, in  1.959 seconds
Platform modules already initialized, skipping
Refreshing native plugins compatible for Editor in 1.21 ms, found 1 plugins.
Preloading 0 native plugins for Editor in 0.00 ms.
Unloading 1821 Unused Serialized files (Serialized files now loaded: 0)
System memory in use before: 85.6 MB.
System memory in use after: 85.6 MB.

Unloading 12 unused Assets to reduce memory usage. Loaded Objects now: 2313.
Total: 4.881200 ms (FindLiveObjects: 0.462900 ms CreateObjectMapping: 0.070900 ms MarkObjects: 4.062400 ms  DeleteObjects: 0.282100 ms)

========================================================================
Received Prepare
Registering precompiled user dll's ...
Registered in 0.005329 seconds.
Begin MonoManager ReloadAssembly
Native extension for WindowsStandalone target not found
Refreshing native plugins compatible for Editor in 0.88 ms, found 1 plugins.
Preloading 0 native plugins for Editor in 0.00 ms.
Mono: successfully reloaded assembly
- Completed reload, in  1.957 seconds
Platform modules already initialized, skipping
Refreshing native plugins compatible for Editor in 0.85 ms, found 1 plugins.
Preloading 0 native plugins for Editor in 0.00 ms.
Unloading 1821 Unused Serialized files (Serialized files now loaded: 0)
System memory in use before: 85.6 MB.
System memory in use after: 85.6 MB.

Unloading 12 unused Assets to reduce memory usage. Loaded Objects now: 2317.
Total: 4.994000 ms (FindLiveObjects: 0.619300 ms CreateObjectMapping: 0.105700 ms MarkObjects: 3.988100 ms  DeleteObjects: 0.277300 ms)

========================================================================
Received Prepare
Registering precompiled user dll's ...
Registered in 0.003307 seconds.
Begin MonoManager ReloadAssembly
Native extension for WindowsStandalone target not found
Refreshing native plugins compatible for Editor in 1.43 ms, found 1 plugins.
Preloading 0 native plugins for Editor in 0.00 ms.
Mono: successfully reloaded assembly
- Completed reload, in  1.777 seconds
Platform modules already initialized, skipping
Refreshing native plugins compatible for Editor in 0.80 ms, found 1 plugins.
Preloading 0 native plugins for Editor in 0.00 ms.
Unloading 1821 Unused Serialized files (Serialized files now loaded: 0)
System memory in use before: 85.6 MB.
System memory in use after: 85.6 MB.

Unloading 12 unused Assets to reduce memory usage. Loaded Objects now: 2321.
Total: 5.064600 ms (FindLiveObjects: 0.482700 ms CreateObjectMapping: 0.073200 ms MarkObjects: 4.230200 ms  DeleteObjects: 0.275200 ms)

========================================================================
Received Import Request.
  Time since last request: 374.440045 seconds.
  path: Assets/Scenes/SegundoNivel.unity
  artifactKey: Guid(b33adc2aa349eaa419563983c129a0d6) Importer(815301076,1909f56bfc062723c751e8b465ee728b)
Start importing Assets/Scenes/SegundoNivel.unity using Guid(b33adc2aa349eaa419563983c129a0d6) Importer(815301076,1909f56bfc062723c751e8b465ee728b)  -> (artifact id: 'e0df7ddcada83f20f61d19cff35b30a8') in 0.037665 seconds
  Import took 0.065898 seconds .

========================================================================
Received Prepare
Registering precompiled user dll's ...
Registered in 0.002600 seconds.
Begin MonoManager ReloadAssembly
Native extension for WindowsStandalone target not found
Refreshing native plugins compatible for Editor in 0.83 ms, found 1 plugins.
Preloading 0 native plugins for Editor in 0.00 ms.
Mono: successfully reloaded assembly
- Completed reload, in  2.963 seconds
Platform modules already initialized, skipping
Refreshing native plugins compatible for Editor in 1.05 ms, found 1 plugins.
Preloading 0 native plugins for Editor in 0.00 ms.
Unloading 1821 Unused Serialized files (Serialized files now loaded: 0)
System memory in use before: 85.6 MB.
System memory in use after: 85.6 MB.

Unloading 12 unused Assets to reduce memory usage. Loaded Objects now: 2325.
Total: 8.179900 ms (FindLiveObjects: 0.642600 ms CreateObjectMapping: 0.081800 ms MarkObjects: 7.159600 ms  DeleteObjects: 0.291700 ms)

========================================================================
Received Prepare
Registering precompiled user dll's ...
Registered in 0.003041 seconds.
Begin MonoManager ReloadAssembly
Native extension for WindowsStandalone target not found
Refreshing native plugins compatible for Editor in 0.89 ms, found 1 plugins.
Preloading 0 native plugins for Editor in 0.00 ms.
Mono: successfully reloaded assembly
- Completed reload, in  3.587 seconds
Platform modules already initialized, skipping
Refreshing native plugins compatible for Editor in 1.42 ms, found 1 plugins.
Preloading 0 native plugins for Editor in 0.00 ms.
Unloading 1821 Unused Serialized files (Serialized files now loaded: 0)
System memory in use before: 85.6 MB.
System memory in use after: 85.6 MB.

Unloading 12 unused Assets to reduce memory usage. Loaded Objects now: 2329.
Total: 10.793700 ms (FindLiveObjects: 0.616300 ms CreateObjectMapping: 0.082300 ms MarkObjects: 9.751100 ms  DeleteObjects: 0.340100 ms)

========================================================================
Received Prepare
Registering precompiled user dll's ...
Registered in 0.002606 seconds.
Begin MonoManager ReloadAssembly
Native extension for WindowsStandalone target not found
Refreshing native plugins compatible for Editor in 0.85 ms, found 1 plugins.
Preloading 0 native plugins for Editor in 0.00 ms.
Mono: successfully reloaded assembly
- Completed reload, in  2.594 seconds
Platform modules already initialized, skipping
Refreshing native plugins compatible for Editor in 0.80 ms, found 1 plugins.
Preloading 0 native plugins for Editor in 0.00 ms.
Unloading 1821 Unused Serialized files (Serialized files now loaded: 0)
System memory in use before: 85.7 MB.
System memory in use after: 85.6 MB.

Unloading 12 unused Assets to reduce memory usage. Loaded Objects now: 2333.
Total: 4.989600 ms (FindLiveObjects: 0.460900 ms CreateObjectMapping: 0.071600 ms MarkObjects: 4.093800 ms  DeleteObjects: 0.360000 ms)

========================================================================
Received Import Request.
  Time since last request: 110.165893 seconds.
  path: Assets/Scenes/SegundoNivel.unity
  artifactKey: Guid(b33adc2aa349eaa419563983c129a0d6) Importer(815301076,1909f56bfc062723c751e8b465ee728b)
Start importing Assets/Scenes/SegundoNivel.unity using Guid(b33adc2aa349eaa419563983c129a0d6) Importer(815301076,1909f56bfc062723c751e8b465ee728b)  -> (artifact id: '2489d3b7e9ae6d904aa13ddb07314026') in 0.039077 seconds
  Import took 0.044953 seconds .

========================================================================
Received Prepare
Registering precompiled user dll's ...
Registered in 0.006718 seconds.
Begin MonoManager ReloadAssembly
Native extension for WindowsStandalone target not found
Refreshing native plugins compatible for Editor in 0.59 ms, found 1 plugins.
Preloading 0 native plugins for Editor in 0.00 ms.
Mono: successfully reloaded assembly
- Completed reload, in  2.553 seconds
Platform modules already initialized, skipping
Refreshing native plugins compatible for Editor in 1.05 ms, found 1 plugins.
Preloading 0 native plugins for Editor in 0.00 ms.
Unloading 1821 Unused Serialized files (Serialized files now loaded: 0)
System memory in use before: 85.7 MB.
System memory in use after: 85.6 MB.

Unloading 12 unused Assets to reduce memory usage. Loaded Objects now: 2337.
Total: 6.987900 ms (FindLiveObjects: 0.534600 ms CreateObjectMapping: 0.078600 ms MarkObjects: 5.625200 ms  DeleteObjects: 0.745200 ms)

========================================================================
Received Import Request.
  Time since last request: 72.360333 seconds.
  path: Assets/Scenes/SampleScene.unity
  artifactKey: Guid(2cda990e2423bbf4892e6590ba056729) Importer(815301076,1909f56bfc062723c751e8b465ee728b)
Start importing Assets/Scenes/SampleScene.unity using Guid(2cda990e2423bbf4892e6590ba056729) Importer(815301076,1909f56bfc062723c751e8b465ee728b)  -> (artifact id: '5a421c7ce50118a654192287e93c0895') in 0.035902 seconds
  Import took 0.042233 seconds .

========================================================================
Received Prepare
Registering precompiled user dll's ...
Registered in 0.005025 seconds.
Begin MonoManager ReloadAssembly
Native extension for WindowsStandalone target not found
Refreshing native plugins compatible for Editor in 0.97 ms, found 1 plugins.
Preloading 0 native plugins for Editor in 0.00 ms.
Mono: successfully reloaded assembly
- Completed reload, in  2.590 seconds
Platform modules already initialized, skipping
Refreshing native plugins compatible for Editor in 2.64 ms, found 1 plugins.
Preloading 0 native plugins for Editor in 0.00 ms.
Unloading 1821 Unused Serialized files (Serialized files now loaded: 0)
System memory in use before: 85.7 MB.
System memory in use after: 85.7 MB.

Unloading 12 unused Assets to reduce memory usage. Loaded Objects now: 2341.
Total: 13.011800 ms (FindLiveObjects: 0.820500 ms CreateObjectMapping: 0.130800 ms MarkObjects: 11.735600 ms  DeleteObjects: 0.319100 ms)

========================================================================
Received Prepare
Registering precompiled user dll's ...
Registered in 0.002807 seconds.
Begin MonoManager ReloadAssembly
Native extension for WindowsStandalone target not found
Refreshing native plugins compatible for Editor in 1.09 ms, found 1 plugins.
Preloading 0 native plugins for Editor in 0.00 ms.
Mono: successfully reloaded assembly
- Completed reload, in  2.592 seconds
Platform modules already initialized, skipping
Refreshing native plugins compatible for Editor in 0.65 ms, found 1 plugins.
Preloading 0 native plugins for Editor in 0.00 ms.
Unloading 1821 Unused Serialized files (Serialized files now loaded: 0)
System memory in use before: 85.7 MB.
System memory in use after: 85.7 MB.

Unloading 12 unused Assets to reduce memory usage. Loaded Objects now: 2345.
Total: 5.282100 ms (FindLiveObjects: 0.426200 ms CreateObjectMapping: 0.071900 ms MarkObjects: 4.601600 ms  DeleteObjects: 0.178900 ms)

========================================================================
Received Import Request.
  Time since last request: 293.454981 seconds.
  path: Assets/Scenes/SampleScene.unity
  artifactKey: Guid(2cda990e2423bbf4892e6590ba056729) Importer(815301076,1909f56bfc062723c751e8b465ee728b)
Start importing Assets/Scenes/SampleScene.unity using Guid(2cda990e2423bbf4892e6590ba056729) Importer(815301076,1909f56bfc062723c751e8b465ee728b)  -> (artifact id: 'dc29e900e75d1c5d7814a95519e8925c') in 0.039145 seconds
  Import took 0.045906 seconds .

========================================================================
Received Import Request.
  Time since last request: 73.219062 seconds.
  path: Assets/TimeController.cs
  artifactKey: Guid(7a0faa7e8921be146b0f7946cef5675b) Importer(815301076,1909f56bfc062723c751e8b465ee728b)
Start importing Assets/TimeController.cs using Guid(7a0faa7e8921be146b0f7946cef5675b) Importer(815301076,1909f56bfc062723c751e8b465ee728b)  -> (artifact id: '7573c723c265905fe7298effe60a0ac1') in 0.049387 seconds
  Import took 0.054653 seconds .

========================================================================
Received Import Request.
  Time since last request: 8.469195 seconds.
  path: Assets/TimeControllerLvl2.cs
  artifactKey: Guid(8cea89dc5d7670d4e88ae9964b35c1b3) Importer(815301076,1909f56bfc062723c751e8b465ee728b)
Start importing Assets/TimeControllerLvl2.cs using Guid(8cea89dc5d7670d4e88ae9964b35c1b3) Importer(815301076,1909f56bfc062723c751e8b465ee728b)  -> (artifact id: 'e90f510b8b585af8cea58b9372b3d3b7') in 0.013202 seconds
  Import took 0.017163 seconds .

========================================================================
Received Prepare
Registering precompiled user dll's ...
Registered in 0.001982 seconds.
Begin MonoManager ReloadAssembly
Native extension for WindowsStandalone target not found
Refreshing native plugins compatible for Editor in 0.44 ms, found 1 plugins.
Preloading 0 native plugins for Editor in 0.00 ms.
Mono: successfully reloaded assembly
- Completed reload, in  1.338 seconds
Platform modules already initialized, skipping
Refreshing native plugins compatible for Editor in 0.53 ms, found 1 plugins.
Preloading 0 native plugins for Editor in 0.00 ms.
Unloading 1821 Unused Serialized files (Serialized files now loaded: 0)
System memory in use before: 85.7 MB.
System memory in use after: 85.7 MB.

Unloading 12 unused Assets to reduce memory usage. Loaded Objects now: 2349.
Total: 3.356400 ms (FindLiveObjects: 0.323400 ms CreateObjectMapping: 0.068900 ms MarkObjects: 2.791100 ms  DeleteObjects: 0.170700 ms)

========================================================================
Received Import Request.
  Time since last request: 191.853639 seconds.
  path: Assets/TimeControllerLvl2.cs
  artifactKey: Guid(8cea89dc5d7670d4e88ae9964b35c1b3) Importer(815301076,1909f56bfc062723c751e8b465ee728b)
Start importing Assets/TimeControllerLvl2.cs using Guid(8cea89dc5d7670d4e88ae9964b35c1b3) Importer(815301076,1909f56bfc062723c751e8b465ee728b)  -> (artifact id: '765b2476720d20dc239bb8babb046bcd') in 0.013144 seconds
  Import took 0.018057 seconds .

========================================================================
Received Prepare
Registering precompiled user dll's ...
Registered in 0.001392 seconds.
Begin MonoManager ReloadAssembly
Native extension for WindowsStandalone target not found
Refreshing native plugins compatible for Editor in 0.63 ms, found 1 plugins.
Preloading 0 native plugins for Editor in 0.00 ms.
Mono: successfully reloaded assembly
- Completed reload, in  1.716 seconds
Platform modules already initialized, skipping
Refreshing native plugins compatible for Editor in 0.55 ms, found 1 plugins.
Preloading 0 native plugins for Editor in 0.00 ms.
Unloading 1821 Unused Serialized files (Serialized files now loaded: 0)
System memory in use before: 85.7 MB.
System memory in use after: 85.7 MB.

Unloading 12 unused Assets to reduce memory usage. Loaded Objects now: 2353.
Total: 3.463400 ms (FindLiveObjects: 0.298400 ms CreateObjectMapping: 0.087200 ms MarkObjects: 2.896500 ms  DeleteObjects: 0.179100 ms)

========================================================================
Received Prepare
Registering precompiled user dll's ...
Registered in 0.001947 seconds.
Begin MonoManager ReloadAssembly
Native extension for WindowsStandalone target not found
Refreshing native plugins compatible for Editor in 0.58 ms, found 1 plugins.
Preloading 0 native plugins for Editor in 0.00 ms.
Mono: successfully reloaded assembly
- Completed reload, in  1.798 seconds
Platform modules already initialized, skipping
Refreshing native plugins compatible for Editor in 0.43 ms, found 1 plugins.
Preloading 0 native plugins for Editor in 0.00 ms.
Unloading 1821 Unused Serialized files (Serialized files now loaded: 0)
System memory in use before: 85.7 MB.
System memory in use after: 85.7 MB.

Unloading 12 unused Assets to reduce memory usage. Loaded Objects now: 2357.
Total: 3.191600 ms (FindLiveObjects: 0.370000 ms CreateObjectMapping: 0.131000 ms MarkObjects: 2.515900 ms  DeleteObjects: 0.172400 ms)

========================================================================
Received Import Request.
  Time since last request: 322.387500 seconds.
  path: Assets/Scenes/SampleScene.unity
  artifactKey: Guid(2cda990e2423bbf4892e6590ba056729) Importer(815301076,1909f56bfc062723c751e8b465ee728b)
Start importing Assets/Scenes/SampleScene.unity using Guid(2cda990e2423bbf4892e6590ba056729) Importer(815301076,1909f56bfc062723c751e8b465ee728b)  -> (artifact id: '8780208612f9b1202382d00c269cb41f') in 0.027348 seconds
  Import took 0.031942 seconds .

========================================================================
Received Prepare
Registering precompiled user dll's ...
Registered in 0.001778 seconds.
Begin MonoManager ReloadAssembly
Native extension for WindowsStandalone target not found
Refreshing native plugins compatible for Editor in 0.54 ms, found 1 plugins.
Preloading 0 native plugins for Editor in 0.00 ms.
Mono: successfully reloaded assembly
- Completed reload, in  1.724 seconds
Platform modules already initialized, skipping
Refreshing native plugins compatible for Editor in 0.65 ms, found 1 plugins.
Preloading 0 native plugins for Editor in 0.00 ms.
Unloading 1821 Unused Serialized files (Serialized files now loaded: 0)
System memory in use before: 85.7 MB.
System memory in use after: 85.7 MB.

Unloading 12 unused Assets to reduce memory usage. Loaded Objects now: 2361.
Total: 3.288600 ms (FindLiveObjects: 0.326900 ms CreateObjectMapping: 0.082700 ms MarkObjects: 2.697500 ms  DeleteObjects: 0.179800 ms)

========================================================================
Received Import Request.
  Time since last request: 19.435089 seconds.
  path: Assets/Playercontroller.cs
  artifactKey: Guid(0a1877c0f4809fd48aa9ff4896b33708) Importer(815301076,1909f56bfc062723c751e8b465ee728b)
Start importing Assets/Playercontroller.cs using Guid(0a1877c0f4809fd48aa9ff4896b33708) Importer(815301076,1909f56bfc062723c751e8b465ee728b)  -> (artifact id: '5aa8f65141faec0ca0644c9ea09fb3e4') in 0.023144 seconds
  Import took 0.028116 seconds .

========================================================================
Received Import Request.
  Time since last request: 12.421101 seconds.
  path: Assets/Scenes/SegundoNivel.unity
  artifactKey: Guid(b33adc2aa349eaa419563983c129a0d6) Importer(815301076,1909f56bfc062723c751e8b465ee728b)
Start importing Assets/Scenes/SegundoNivel.unity using Guid(b33adc2aa349eaa419563983c129a0d6) Importer(815301076,1909f56bfc062723c751e8b465ee728b)  -> (artifact id: '783317d1823440e0f392f8b9a9dda023') in 0.022727 seconds
  Import took 0.027510 seconds .

========================================================================
Received Prepare
Registering precompiled user dll's ...
Registered in 0.001631 seconds.
Begin MonoManager ReloadAssembly
Native extension for WindowsStandalone target not found
Refreshing native plugins compatible for Editor in 0.85 ms, found 1 plugins.
Preloading 0 native plugins for Editor in 0.00 ms.
Mono: successfully reloaded assembly
- Completed reload, in  1.467 seconds
Platform modules already initialized, skipping
Refreshing native plugins compatible for Editor in 0.53 ms, found 1 plugins.
Preloading 0 native plugins for Editor in 0.00 ms.
Unloading 1821 Unused Serialized files (Serialized files now loaded: 0)
System memory in use before: 85.8 MB.
System memory in use after: 85.7 MB.

Unloading 12 unused Assets to reduce memory usage. Loaded Objects now: 2365.
Total: 3.205200 ms (FindLiveObjects: 0.269500 ms CreateObjectMapping: 0.069000 ms MarkObjects: 2.695400 ms  DeleteObjects: 0.169300 ms)

========================================================================
Received Import Request.
  Time since last request: 206.059525 seconds.
  path: Assets/Scenes/SampleScene.unity
  artifactKey: Guid(2cda990e2423bbf4892e6590ba056729) Importer(815301076,1909f56bfc062723c751e8b465ee728b)
Start importing Assets/Scenes/SampleScene.unity using Guid(2cda990e2423bbf4892e6590ba056729) Importer(815301076,1909f56bfc062723c751e8b465ee728b)  -> (artifact id: 'b34ca9b6292cb1b6194c34eace57a30e') in 0.024505 seconds
  Import took 0.030311 seconds .

========================================================================
Received Prepare
Registering precompiled user dll's ...
Registered in 0.003749 seconds.
Begin MonoManager ReloadAssembly
Native extension for WindowsStandalone target not found
Refreshing native plugins compatible for Editor in 0.53 ms, found 1 plugins.
Preloading 0 native plugins for Editor in 0.00 ms.
Mono: successfully reloaded assembly
- Completed reload, in  2.115 seconds
Platform modules already initialized, skipping
Refreshing native plugins compatible for Editor in 0.77 ms, found 1 plugins.
Preloading 0 native plugins for Editor in 0.00 ms.
Unloading 1821 Unused Serialized files (Serialized files now loaded: 0)
System memory in use before: 85.8 MB.
System memory in use after: 85.8 MB.

Unloading 12 unused Assets to reduce memory usage. Loaded Objects now: 2369.
Total: 8.236100 ms (FindLiveObjects: 0.495500 ms CreateObjectMapping: 0.112000 ms MarkObjects: 7.223700 ms  DeleteObjects: 0.400300 ms)

========================================================================
Received Prepare
Registering precompiled user dll's ...
Registered in 0.002844 seconds.
Begin MonoManager ReloadAssembly
Native extension for WindowsStandalone target not found
Refreshing native plugins compatible for Editor in 0.76 ms, found 1 plugins.
Preloading 0 native plugins for Editor in 0.00 ms.
Mono: successfully reloaded assembly
- Completed reload, in  3.547 seconds
Platform modules already initialized, skipping
Refreshing native plugins compatible for Editor in 0.89 ms, found 1 plugins.
Preloading 0 native plugins for Editor in 0.00 ms.
Unloading 1821 Unused Serialized files (Serialized files now loaded: 0)
System memory in use before: 85.8 MB.
System memory in use after: 85.8 MB.

Unloading 12 unused Assets to reduce memory usage. Loaded Objects now: 2373.
Total: 6.417600 ms (FindLiveObjects: 0.460900 ms CreateObjectMapping: 0.096900 ms MarkObjects: 5.565000 ms  DeleteObjects: 0.292200 ms)

AssetImportWorkerClient::OnTransportError - code=2 error=End of file
